2018-05-14 18:34:05,963-Starting OrderApplication on DESKTOP-FIRK9G1 with PID 15580 (D:\Workspace\order_system\sell\target\classes started by Patrick in D:\Workspace\order_system\sell)
2018-05-14 18:34:05,968-No active profile set, falling back to default profiles: default
2018-05-14 18:34:06,043-Refreshing org.springframework.boot.web.servlet.context.AnnotationConfigServletWebServerApplicationContext@13c9d689: startup date [Mon May 14 18:34:06 CST 2018]; root of context hierarchy
2018-05-14 18:34:07,402-Bean 'org.springframework.transaction.annotation.ProxyTransactionManagementConfiguration' of type [org.springframework.transaction.annotation.ProxyTransactionManagementConfiguration$$EnhancerBySpringCGLIB$$b5fe75a6] is not eligible for getting processed by all BeanPostProcessors (for example: not eligible for auto-proxying)
2018-05-14 18:34:07,645-Tomcat initialized with port(s): 8080 (http)
2018-05-14 18:34:07,659-Initializing ProtocolHandler ["http-nio-8080"]
2018-05-14 18:34:07,669-Starting service [Tomcat]
2018-05-14 18:34:07,669-Starting Servlet Engine: Apache Tomcat/8.5.29
2018-05-14 18:34:07,674-The APR based Apache Tomcat Native library which allows optimal performance in production environments was not found on the java.library.path: [C:\Program Files\Java\jdk1.8.0_171\bin;C:\WINDOWS\Sun\Java\bin;C:\WINDOWS\system32;C:\WINDOWS;C:\Program Files (x86)\Common Files\Oracle\Java\javapath;C:\Program Files\NVIDIA GPU Computing Toolkit\CUDA\v8.0\bin;C:\Program Files\NVIDIA GPU Computing Toolkit\CUDA\v8.0\libnvvp;C:\WINDOWS\system32;C:\WINDOWS;C:\WINDOWS\System32\Wbem;C:\WINDOWS\System32\WindowsPowerShell\v1.0\;D:\Development\Python\Python 2.7;D:\Development\Python\Python 2.7\Scripts;D:\Development\Python\Python 3.5;D:\Development\Python\Python 3.5\Scripts;D:\Development\Python\Python 3.6;D:\Development\Python\Python 3.6\Scripts;C:\Program Files\Microsoft SQL Server\110\Tools\Binn\;C:\texlive\2017\bin\win32;D:\Development\OpenCV\3.3.0\build\x64\vc14\bin;C:\Program Files (x86)\NVIDIA Corporation\PhysX\Common;C:\Program Files\Java\jdk1.7.0_80\bin;C:\Program Files\Java\jdk1.7.0_80\jre\bin;C:\MySQL\bin;D:\Development\apache-maven-3.5.3\bin;C:\Program Files\Git\cmd;C:\Program Files\TortoiseGit\bin;C:\Program Files\MySQL\MySQL Utilities 1.6\;C:\Program Files\nodejs\;C:\Users\Patrick\AppData\Local\Microsoft\WindowsApps;C:\Program Files\Microsoft VS Code\bin;C:\Users\Patrick\AppData\Local\GitHubDesktop\bin;C:\Users\Patrick\AppData\Local\Microsoft\WindowsApps;C:\texlive\2017\bin\win32;C:\Users\Patrick\AppData\Roaming\npm;.]
2018-05-14 18:34:08,154-Initializing Spring embedded WebApplicationContext
2018-05-14 18:34:08,154-Root WebApplicationContext: initialization completed in 2111 ms
2018-05-14 18:34:08,281-Servlet dispatcherServlet mapped to [/]
2018-05-14 18:34:08,285-Mapping filter: 'characterEncodingFilter' to: [/*]
2018-05-14 18:34:08,285-Mapping filter: 'hiddenHttpMethodFilter' to: [/*]
2018-05-14 18:34:08,285-Mapping filter: 'httpPutFormContentFilter' to: [/*]
2018-05-14 18:34:08,285-Mapping filter: 'requestContextFilter' to: [/*]
2018-05-14 18:34:08,407-HikariPool-1 - Starting...
2018-05-14 18:34:30,494-Unable to determine jdbc url from datasource
org.springframework.jdbc.support.MetaDataAccessException: Could not get Connection for extracting meta-data; nested exception is org.springframework.jdbc.CannotGetJdbcConnectionException: Failed to obtain JDBC Connection; nested exception is com.mysql.jdbc.exceptions.jdbc4.CommunicationsException: Communications link failure

The last packet sent successfully to the server was 0 milliseconds ago. The driver has not received any packets from the server.
	at org.springframework.jdbc.support.JdbcUtils.extractDatabaseMetaData(JdbcUtils.java:327)
	at org.springframework.jdbc.support.JdbcUtils.extractDatabaseMetaData(JdbcUtils.java:355)
	at org.springframework.boot.autoconfigure.orm.jpa.DatabaseLookup.getDatabase(DatabaseLookup.java:72)
	at org.springframework.boot.autoconfigure.orm.jpa.JpaProperties.determineDatabase(JpaProperties.java:169)
	at org.springframework.boot.autoconfigure.orm.jpa.JpaBaseConfiguration.jpaVendorAdapter(JpaBaseConfiguration.java:111)
	at org.springframework.boot.autoconfigure.orm.jpa.HibernateJpaConfiguration$$EnhancerBySpringCGLIB$$d4d53815.CGLIB$jpaVendorAdapter$6(<generated>)
	at org.springframework.boot.autoconfigure.orm.jpa.HibernateJpaConfiguration$$EnhancerBySpringCGLIB$$d4d53815$$FastClassBySpringCGLIB$$7ec02919.invoke(<generated>)
	at org.springframework.cglib.proxy.MethodProxy.invokeSuper(MethodProxy.java:228)
	at org.springframework.context.annotation.ConfigurationClassEnhancer$BeanMethodInterceptor.intercept(ConfigurationClassEnhancer.java:361)
	at org.springframework.boot.autoconfigure.orm.jpa.HibernateJpaConfiguration$$EnhancerBySpringCGLIB$$d4d53815.jpaVendorAdapter(<generated>)
	at sun.reflect.NativeMethodAccessorImpl.invoke0(Native Method)
	at sun.reflect.NativeMethodAccessorImpl.invoke(NativeMethodAccessorImpl.java:62)
	at sun.reflect.DelegatingMethodAccessorImpl.invoke(DelegatingMethodAccessorImpl.java:43)
	at java.lang.reflect.Method.invoke(Method.java:498)
	at org.springframework.beans.factory.support.SimpleInstantiationStrategy.instantiate(SimpleInstantiationStrategy.java:154)
	at org.springframework.beans.factory.support.ConstructorResolver.instantiateUsingFactoryMethod(ConstructorResolver.java:579)
	at org.springframework.beans.factory.support.AbstractAutowireCapableBeanFactory.instantiateUsingFactoryMethod(AbstractAutowireCapableBeanFactory.java:1250)
	at org.springframework.beans.factory.support.AbstractAutowireCapableBeanFactory.createBeanInstance(AbstractAutowireCapableBeanFactory.java:1099)
	at org.springframework.beans.factory.support.AbstractAutowireCapableBeanFactory.doCreateBean(AbstractAutowireCapableBeanFactory.java:541)
	at org.springframework.beans.factory.support.AbstractAutowireCapableBeanFactory.createBean(AbstractAutowireCapableBeanFactory.java:501)
	at org.springframework.beans.factory.support.AbstractBeanFactory.lambda$doGetBean$0(AbstractBeanFactory.java:317)
	at org.springframework.beans.factory.support.DefaultSingletonBeanRegistry.getSingleton(DefaultSingletonBeanRegistry.java:228)
	at org.springframework.beans.factory.support.AbstractBeanFactory.doGetBean(AbstractBeanFactory.java:315)
	at org.springframework.beans.factory.support.AbstractBeanFactory.getBean(AbstractBeanFactory.java:199)
	at org.springframework.beans.factory.config.DependencyDescriptor.resolveCandidate(DependencyDescriptor.java:251)
	at org.springframework.beans.factory.support.DefaultListableBeanFactory.doResolveDependency(DefaultListableBeanFactory.java:1138)
	at org.springframework.beans.factory.support.DefaultListableBeanFactory.resolveDependency(DefaultListableBeanFactory.java:1065)
	at org.springframework.beans.factory.support.ConstructorResolver.resolveAutowiredArgument(ConstructorResolver.java:815)
	at org.springframework.beans.factory.support.ConstructorResolver.createArgumentArray(ConstructorResolver.java:721)
	at org.springframework.beans.factory.support.ConstructorResolver.instantiateUsingFactoryMethod(ConstructorResolver.java:470)
	at org.springframework.beans.factory.support.AbstractAutowireCapableBeanFactory.instantiateUsingFactoryMethod(AbstractAutowireCapableBeanFactory.java:1250)
	at org.springframework.beans.factory.support.AbstractAutowireCapableBeanFactory.createBeanInstance(AbstractAutowireCapableBeanFactory.java:1099)
	at org.springframework.beans.factory.support.AbstractAutowireCapableBeanFactory.doCreateBean(AbstractAutowireCapableBeanFactory.java:541)
	at org.springframework.beans.factory.support.AbstractAutowireCapableBeanFactory.createBean(AbstractAutowireCapableBeanFactory.java:501)
	at org.springframework.beans.factory.support.AbstractBeanFactory.lambda$doGetBean$0(AbstractBeanFactory.java:317)
	at org.springframework.beans.factory.support.DefaultSingletonBeanRegistry.getSingleton(DefaultSingletonBeanRegistry.java:228)
	at org.springframework.beans.factory.support.AbstractBeanFactory.doGetBean(AbstractBeanFactory.java:315)
	at org.springframework.beans.factory.support.AbstractBeanFactory.getBean(AbstractBeanFactory.java:199)
	at org.springframework.beans.factory.config.DependencyDescriptor.resolveCandidate(DependencyDescriptor.java:251)
	at org.springframework.beans.factory.support.DefaultListableBeanFactory.doResolveDependency(DefaultListableBeanFactory.java:1138)
	at org.springframework.beans.factory.support.DefaultListableBeanFactory.resolveDependency(DefaultListableBeanFactory.java:1065)
	at org.springframework.beans.factory.support.ConstructorResolver.resolveAutowiredArgument(ConstructorResolver.java:815)
	at org.springframework.beans.factory.support.ConstructorResolver.createArgumentArray(ConstructorResolver.java:721)
	at org.springframework.beans.factory.support.ConstructorResolver.instantiateUsingFactoryMethod(ConstructorResolver.java:470)
	at org.springframework.beans.factory.support.AbstractAutowireCapableBeanFactory.instantiateUsingFactoryMethod(AbstractAutowireCapableBeanFactory.java:1250)
	at org.springframework.beans.factory.support.AbstractAutowireCapableBeanFactory.createBeanInstance(AbstractAutowireCapableBeanFactory.java:1099)
	at org.springframework.beans.factory.support.AbstractAutowireCapableBeanFactory.doCreateBean(AbstractAutowireCapableBeanFactory.java:541)
	at org.springframework.beans.factory.support.AbstractAutowireCapableBeanFactory.createBean(AbstractAutowireCapableBeanFactory.java:501)
	at org.springframework.beans.factory.support.AbstractBeanFactory.lambda$doGetBean$0(AbstractBeanFactory.java:317)
	at org.springframework.beans.factory.support.DefaultSingletonBeanRegistry.getSingleton(DefaultSingletonBeanRegistry.java:228)
	at org.springframework.beans.factory.support.AbstractBeanFactory.doGetBean(AbstractBeanFactory.java:315)
	at org.springframework.beans.factory.support.AbstractBeanFactory.getBean(AbstractBeanFactory.java:199)
	at org.springframework.context.support.AbstractApplicationContext.getBean(AbstractApplicationContext.java:1089)
	at org.springframework.context.support.AbstractApplicationContext.finishBeanFactoryInitialization(AbstractApplicationContext.java:859)
	at org.springframework.context.support.AbstractApplicationContext.refresh(AbstractApplicationContext.java:550)
	at org.springframework.boot.web.servlet.context.ServletWebServerApplicationContext.refresh(ServletWebServerApplicationContext.java:140)
	at org.springframework.boot.SpringApplication.refresh(SpringApplication.java:759)
	at org.springframework.boot.SpringApplication.refreshContext(SpringApplication.java:395)
	at org.springframework.boot.SpringApplication.run(SpringApplication.java:327)
	at org.springframework.boot.SpringApplication.run(SpringApplication.java:1255)
	at org.springframework.boot.SpringApplication.run(SpringApplication.java:1243)
	at com.imooc.order.OrderApplication.main(OrderApplication.java:10)
Caused by: org.springframework.jdbc.CannotGetJdbcConnectionException: Failed to obtain JDBC Connection; nested exception is com.mysql.jdbc.exceptions.jdbc4.CommunicationsException: Communications link failure

The last packet sent successfully to the server was 0 milliseconds ago. The driver has not received any packets from the server.
	at org.springframework.jdbc.datasource.DataSourceUtils.getConnection(DataSourceUtils.java:81)
	at org.springframework.jdbc.support.JdbcUtils.extractDatabaseMetaData(JdbcUtils.java:318)
	... 61 common frames omitted
Caused by: com.mysql.jdbc.exceptions.jdbc4.CommunicationsException: Communications link failure

The last packet sent successfully to the server was 0 milliseconds ago. The driver has not received any packets from the server.
	at sun.reflect.NativeConstructorAccessorImpl.newInstance0(Native Method)
	at sun.reflect.NativeConstructorAccessorImpl.newInstance(NativeConstructorAccessorImpl.java:62)
	at sun.reflect.DelegatingConstructorAccessorImpl.newInstance(DelegatingConstructorAccessorImpl.java:45)
	at java.lang.reflect.Constructor.newInstance(Constructor.java:423)
	at com.mysql.jdbc.Util.handleNewInstance(Util.java:425)
	at com.mysql.jdbc.SQLError.createCommunicationsException(SQLError.java:990)
	at com.mysql.jdbc.MysqlIO.<init>(MysqlIO.java:342)
	at com.mysql.jdbc.ConnectionImpl.coreConnect(ConnectionImpl.java:2188)
	at com.mysql.jdbc.ConnectionImpl.connectOneTryOnly(ConnectionImpl.java:2221)
	at com.mysql.jdbc.ConnectionImpl.createNewIO(ConnectionImpl.java:2016)
	at com.mysql.jdbc.ConnectionImpl.<init>(ConnectionImpl.java:776)
	at com.mysql.jdbc.JDBC4Connection.<init>(JDBC4Connection.java:47)
	at sun.reflect.NativeConstructorAccessorImpl.newInstance0(Native Method)
	at sun.reflect.NativeConstructorAccessorImpl.newInstance(NativeConstructorAccessorImpl.java:62)
	at sun.reflect.DelegatingConstructorAccessorImpl.newInstance(DelegatingConstructorAccessorImpl.java:45)
	at java.lang.reflect.Constructor.newInstance(Constructor.java:423)
	at com.mysql.jdbc.Util.handleNewInstance(Util.java:425)
	at com.mysql.jdbc.ConnectionImpl.getInstance(ConnectionImpl.java:386)
	at com.mysql.jdbc.NonRegisteringDriver.connect(NonRegisteringDriver.java:330)
	at com.zaxxer.hikari.util.DriverDataSource.getConnection(DriverDataSource.java:117)
	at com.zaxxer.hikari.util.DriverDataSource.getConnection(DriverDataSource.java:123)
	at com.zaxxer.hikari.pool.PoolBase.newConnection(PoolBase.java:365)
	at com.zaxxer.hikari.pool.PoolBase.newPoolEntry(PoolBase.java:194)
	at com.zaxxer.hikari.pool.HikariPool.createPoolEntry(HikariPool.java:460)
	at com.zaxxer.hikari.pool.HikariPool.checkFailFast(HikariPool.java:534)
	at com.zaxxer.hikari.pool.HikariPool.<init>(HikariPool.java:115)
	at com.zaxxer.hikari.HikariDataSource.getConnection(HikariDataSource.java:112)
	at org.springframework.jdbc.datasource.DataSourceUtils.fetchConnection(DataSourceUtils.java:151)
	at org.springframework.jdbc.datasource.DataSourceUtils.doGetConnection(DataSourceUtils.java:115)
	at org.springframework.jdbc.datasource.DataSourceUtils.getConnection(DataSourceUtils.java:78)
	... 62 common frames omitted
Caused by: java.net.ConnectException: Connection timed out: connect
	at java.net.DualStackPlainSocketImpl.waitForConnect(Native Method)
	at java.net.DualStackPlainSocketImpl.socketConnect(DualStackPlainSocketImpl.java:85)
	at java.net.AbstractPlainSocketImpl.doConnect(AbstractPlainSocketImpl.java:350)
	at java.net.AbstractPlainSocketImpl.connectToAddress(AbstractPlainSocketImpl.java:206)
	at java.net.AbstractPlainSocketImpl.connect(AbstractPlainSocketImpl.java:188)
	at java.net.PlainSocketImpl.connect(PlainSocketImpl.java:172)
	at java.net.SocksSocketImpl.connect(SocksSocketImpl.java:392)
	at java.net.Socket.connect(Socket.java:589)
	at com.mysql.jdbc.StandardSocketFactory.connect(StandardSocketFactory.java:211)
	at com.mysql.jdbc.MysqlIO.<init>(MysqlIO.java:301)
	... 85 common frames omitted
2018-05-14 18:34:30,506-HikariPool-1 - Starting...
2018-05-14 18:34:52,536-Building JPA container EntityManagerFactory for persistence unit 'default'
2018-05-14 18:34:52,552-HHH000204: Processing PersistenceUnitInfo [
	name: default
	...]
2018-05-14 18:34:52,738-HHH000412: Hibernate Core {5.2.16.Final}
2018-05-14 18:34:52,740-HHH000206: hibernate.properties not found
2018-05-14 18:34:52,800-HCANN000001: Hibernate Commons Annotations {5.0.1.Final}
2018-05-14 18:34:52,953-HikariPool-1 - Starting...
2018-05-14 18:35:14,964-HHH000342: Could not obtain connection to query metadata : Communications link failure

The last packet sent successfully to the server was 0 milliseconds ago. The driver has not received any packets from the server.
2018-05-14 18:35:14,966-Exception encountered during context initialization - cancelling refresh attempt: org.springframework.beans.factory.BeanCreationException: Error creating bean with name 'entityManagerFactory' defined in class path resource [org/springframework/boot/autoconfigure/orm/jpa/HibernateJpaConfiguration.class]: Invocation of init method failed; nested exception is org.hibernate.service.spi.ServiceException: Unable to create requested service [org.hibernate.engine.jdbc.env.spi.JdbcEnvironment]
2018-05-14 18:35:14,968-Stopping service [Tomcat]
2018-05-14 18:35:14,980-

Error starting ApplicationContext. To display the conditions report re-run your application with 'debug' enabled.
2018-05-14 18:39:01,813-Starting OrderApplication on DESKTOP-FIRK9G1 with PID 12868 (D:\Workspace\order_system\sell\target\classes started by Patrick in D:\Workspace\order_system\sell)
2018-05-14 18:39:01,816-No active profile set, falling back to default profiles: default
2018-05-14 18:39:01,893-Refreshing org.springframework.boot.web.servlet.context.AnnotationConfigServletWebServerApplicationContext@175c2241: startup date [Mon May 14 18:39:01 CST 2018]; root of context hierarchy
2018-05-14 18:39:02,648-Bean 'org.springframework.transaction.annotation.ProxyTransactionManagementConfiguration' of type [org.springframework.transaction.annotation.ProxyTransactionManagementConfiguration$$EnhancerBySpringCGLIB$$7e843c7e] is not eligible for getting processed by all BeanPostProcessors (for example: not eligible for auto-proxying)
2018-05-14 18:39:02,873-Tomcat initialized with port(s): 8080 (http)
2018-05-14 18:39:02,885-Initializing ProtocolHandler ["http-nio-8080"]
2018-05-14 18:39:02,892-Starting service [Tomcat]
2018-05-14 18:39:02,892-Starting Servlet Engine: Apache Tomcat/8.5.29
2018-05-14 18:39:02,895-The APR based Apache Tomcat Native library which allows optimal performance in production environments was not found on the java.library.path: [C:\Program Files\Java\jdk1.8.0_171\bin;C:\WINDOWS\Sun\Java\bin;C:\WINDOWS\system32;C:\WINDOWS;C:\Program Files (x86)\Common Files\Oracle\Java\javapath;C:\Program Files\NVIDIA GPU Computing Toolkit\CUDA\v8.0\bin;C:\Program Files\NVIDIA GPU Computing Toolkit\CUDA\v8.0\libnvvp;C:\WINDOWS\system32;C:\WINDOWS;C:\WINDOWS\System32\Wbem;C:\WINDOWS\System32\WindowsPowerShell\v1.0\;D:\Development\Python\Python 2.7;D:\Development\Python\Python 2.7\Scripts;D:\Development\Python\Python 3.5;D:\Development\Python\Python 3.5\Scripts;D:\Development\Python\Python 3.6;D:\Development\Python\Python 3.6\Scripts;C:\Program Files\Microsoft SQL Server\110\Tools\Binn\;C:\texlive\2017\bin\win32;D:\Development\OpenCV\3.3.0\build\x64\vc14\bin;C:\Program Files (x86)\NVIDIA Corporation\PhysX\Common;C:\Program Files\Java\jdk1.7.0_80\bin;C:\Program Files\Java\jdk1.7.0_80\jre\bin;C:\MySQL\bin;D:\Development\apache-maven-3.5.3\bin;C:\Program Files\Git\cmd;C:\Program Files\TortoiseGit\bin;C:\Program Files\MySQL\MySQL Utilities 1.6\;C:\Program Files\nodejs\;C:\Users\Patrick\AppData\Local\Microsoft\WindowsApps;C:\Program Files\Microsoft VS Code\bin;C:\Users\Patrick\AppData\Local\GitHubDesktop\bin;C:\Users\Patrick\AppData\Local\Microsoft\WindowsApps;C:\texlive\2017\bin\win32;C:\Users\Patrick\AppData\Roaming\npm;.]
2018-05-14 18:39:03,015-Initializing Spring embedded WebApplicationContext
2018-05-14 18:39:03,015-Root WebApplicationContext: initialization completed in 1122 ms
2018-05-14 18:39:03,129-Servlet dispatcherServlet mapped to [/]
2018-05-14 18:39:03,133-Mapping filter: 'characterEncodingFilter' to: [/*]
2018-05-14 18:39:03,133-Mapping filter: 'hiddenHttpMethodFilter' to: [/*]
2018-05-14 18:39:03,133-Mapping filter: 'httpPutFormContentFilter' to: [/*]
2018-05-14 18:39:03,133-Mapping filter: 'requestContextFilter' to: [/*]
2018-05-14 18:39:03,236-HikariPool-1 - Starting...
2018-05-14 18:39:25,309-Unable to determine jdbc url from datasource
org.springframework.jdbc.support.MetaDataAccessException: Could not get Connection for extracting meta-data; nested exception is org.springframework.jdbc.CannotGetJdbcConnectionException: Failed to obtain JDBC Connection; nested exception is com.mysql.jdbc.exceptions.jdbc4.CommunicationsException: Communications link failure

The last packet sent successfully to the server was 0 milliseconds ago. The driver has not received any packets from the server.
	at org.springframework.jdbc.support.JdbcUtils.extractDatabaseMetaData(JdbcUtils.java:327)
	at org.springframework.jdbc.support.JdbcUtils.extractDatabaseMetaData(JdbcUtils.java:355)
	at org.springframework.boot.autoconfigure.orm.jpa.DatabaseLookup.getDatabase(DatabaseLookup.java:72)
	at org.springframework.boot.autoconfigure.orm.jpa.JpaProperties.determineDatabase(JpaProperties.java:169)
	at org.springframework.boot.autoconfigure.orm.jpa.JpaBaseConfiguration.jpaVendorAdapter(JpaBaseConfiguration.java:111)
	at org.springframework.boot.autoconfigure.orm.jpa.HibernateJpaConfiguration$$EnhancerBySpringCGLIB$$9d5afeed.CGLIB$jpaVendorAdapter$6(<generated>)
	at org.springframework.boot.autoconfigure.orm.jpa.HibernateJpaConfiguration$$EnhancerBySpringCGLIB$$9d5afeed$$FastClassBySpringCGLIB$$a968df24.invoke(<generated>)
	at org.springframework.cglib.proxy.MethodProxy.invokeSuper(MethodProxy.java:228)
	at org.springframework.context.annotation.ConfigurationClassEnhancer$BeanMethodInterceptor.intercept(ConfigurationClassEnhancer.java:361)
	at org.springframework.boot.autoconfigure.orm.jpa.HibernateJpaConfiguration$$EnhancerBySpringCGLIB$$9d5afeed.jpaVendorAdapter(<generated>)
	at sun.reflect.NativeMethodAccessorImpl.invoke0(Native Method)
	at sun.reflect.NativeMethodAccessorImpl.invoke(NativeMethodAccessorImpl.java:62)
	at sun.reflect.DelegatingMethodAccessorImpl.invoke(DelegatingMethodAccessorImpl.java:43)
	at java.lang.reflect.Method.invoke(Method.java:498)
	at org.springframework.beans.factory.support.SimpleInstantiationStrategy.instantiate(SimpleInstantiationStrategy.java:154)
	at org.springframework.beans.factory.support.ConstructorResolver.instantiateUsingFactoryMethod(ConstructorResolver.java:579)
	at org.springframework.beans.factory.support.AbstractAutowireCapableBeanFactory.instantiateUsingFactoryMethod(AbstractAutowireCapableBeanFactory.java:1250)
	at org.springframework.beans.factory.support.AbstractAutowireCapableBeanFactory.createBeanInstance(AbstractAutowireCapableBeanFactory.java:1099)
	at org.springframework.beans.factory.support.AbstractAutowireCapableBeanFactory.doCreateBean(AbstractAutowireCapableBeanFactory.java:541)
	at org.springframework.beans.factory.support.AbstractAutowireCapableBeanFactory.createBean(AbstractAutowireCapableBeanFactory.java:501)
	at org.springframework.beans.factory.support.AbstractBeanFactory.lambda$doGetBean$0(AbstractBeanFactory.java:317)
	at org.springframework.beans.factory.support.DefaultSingletonBeanRegistry.getSingleton(DefaultSingletonBeanRegistry.java:228)
	at org.springframework.beans.factory.support.AbstractBeanFactory.doGetBean(AbstractBeanFactory.java:315)
	at org.springframework.beans.factory.support.AbstractBeanFactory.getBean(AbstractBeanFactory.java:199)
	at org.springframework.beans.factory.config.DependencyDescriptor.resolveCandidate(DependencyDescriptor.java:251)
	at org.springframework.beans.factory.support.DefaultListableBeanFactory.doResolveDependency(DefaultListableBeanFactory.java:1138)
	at org.springframework.beans.factory.support.DefaultListableBeanFactory.resolveDependency(DefaultListableBeanFactory.java:1065)
	at org.springframework.beans.factory.support.ConstructorResolver.resolveAutowiredArgument(ConstructorResolver.java:815)
	at org.springframework.beans.factory.support.ConstructorResolver.createArgumentArray(ConstructorResolver.java:721)
	at org.springframework.beans.factory.support.ConstructorResolver.instantiateUsingFactoryMethod(ConstructorResolver.java:470)
	at org.springframework.beans.factory.support.AbstractAutowireCapableBeanFactory.instantiateUsingFactoryMethod(AbstractAutowireCapableBeanFactory.java:1250)
	at org.springframework.beans.factory.support.AbstractAutowireCapableBeanFactory.createBeanInstance(AbstractAutowireCapableBeanFactory.java:1099)
	at org.springframework.beans.factory.support.AbstractAutowireCapableBeanFactory.doCreateBean(AbstractAutowireCapableBeanFactory.java:541)
	at org.springframework.beans.factory.support.AbstractAutowireCapableBeanFactory.createBean(AbstractAutowireCapableBeanFactory.java:501)
	at org.springframework.beans.factory.support.AbstractBeanFactory.lambda$doGetBean$0(AbstractBeanFactory.java:317)
	at org.springframework.beans.factory.support.DefaultSingletonBeanRegistry.getSingleton(DefaultSingletonBeanRegistry.java:228)
	at org.springframework.beans.factory.support.AbstractBeanFactory.doGetBean(AbstractBeanFactory.java:315)
	at org.springframework.beans.factory.support.AbstractBeanFactory.getBean(AbstractBeanFactory.java:199)
	at org.springframework.beans.factory.config.DependencyDescriptor.resolveCandidate(DependencyDescriptor.java:251)
	at org.springframework.beans.factory.support.DefaultListableBeanFactory.doResolveDependency(DefaultListableBeanFactory.java:1138)
	at org.springframework.beans.factory.support.DefaultListableBeanFactory.resolveDependency(DefaultListableBeanFactory.java:1065)
	at org.springframework.beans.factory.support.ConstructorResolver.resolveAutowiredArgument(ConstructorResolver.java:815)
	at org.springframework.beans.factory.support.ConstructorResolver.createArgumentArray(ConstructorResolver.java:721)
	at org.springframework.beans.factory.support.ConstructorResolver.instantiateUsingFactoryMethod(ConstructorResolver.java:470)
	at org.springframework.beans.factory.support.AbstractAutowireCapableBeanFactory.instantiateUsingFactoryMethod(AbstractAutowireCapableBeanFactory.java:1250)
	at org.springframework.beans.factory.support.AbstractAutowireCapableBeanFactory.createBeanInstance(AbstractAutowireCapableBeanFactory.java:1099)
	at org.springframework.beans.factory.support.AbstractAutowireCapableBeanFactory.doCreateBean(AbstractAutowireCapableBeanFactory.java:541)
	at org.springframework.beans.factory.support.AbstractAutowireCapableBeanFactory.createBean(AbstractAutowireCapableBeanFactory.java:501)
	at org.springframework.beans.factory.support.AbstractBeanFactory.lambda$doGetBean$0(AbstractBeanFactory.java:317)
	at org.springframework.beans.factory.support.DefaultSingletonBeanRegistry.getSingleton(DefaultSingletonBeanRegistry.java:228)
	at org.springframework.beans.factory.support.AbstractBeanFactory.doGetBean(AbstractBeanFactory.java:315)
	at org.springframework.beans.factory.support.AbstractBeanFactory.getBean(AbstractBeanFactory.java:199)
	at org.springframework.context.support.AbstractApplicationContext.getBean(AbstractApplicationContext.java:1089)
	at org.springframework.context.support.AbstractApplicationContext.finishBeanFactoryInitialization(AbstractApplicationContext.java:859)
	at org.springframework.context.support.AbstractApplicationContext.refresh(AbstractApplicationContext.java:550)
	at org.springframework.boot.web.servlet.context.ServletWebServerApplicationContext.refresh(ServletWebServerApplicationContext.java:140)
	at org.springframework.boot.SpringApplication.refresh(SpringApplication.java:759)
	at org.springframework.boot.SpringApplication.refreshContext(SpringApplication.java:395)
	at org.springframework.boot.SpringApplication.run(SpringApplication.java:327)
	at org.springframework.boot.SpringApplication.run(SpringApplication.java:1255)
	at org.springframework.boot.SpringApplication.run(SpringApplication.java:1243)
	at com.imooc.order.OrderApplication.main(OrderApplication.java:10)
Caused by: org.springframework.jdbc.CannotGetJdbcConnectionException: Failed to obtain JDBC Connection; nested exception is com.mysql.jdbc.exceptions.jdbc4.CommunicationsException: Communications link failure

The last packet sent successfully to the server was 0 milliseconds ago. The driver has not received any packets from the server.
	at org.springframework.jdbc.datasource.DataSourceUtils.getConnection(DataSourceUtils.java:81)
	at org.springframework.jdbc.support.JdbcUtils.extractDatabaseMetaData(JdbcUtils.java:318)
	... 61 common frames omitted
Caused by: com.mysql.jdbc.exceptions.jdbc4.CommunicationsException: Communications link failure

The last packet sent successfully to the server was 0 milliseconds ago. The driver has not received any packets from the server.
	at sun.reflect.NativeConstructorAccessorImpl.newInstance0(Native Method)
	at sun.reflect.NativeConstructorAccessorImpl.newInstance(NativeConstructorAccessorImpl.java:62)
	at sun.reflect.DelegatingConstructorAccessorImpl.newInstance(DelegatingConstructorAccessorImpl.java:45)
	at java.lang.reflect.Constructor.newInstance(Constructor.java:423)
	at com.mysql.jdbc.Util.handleNewInstance(Util.java:425)
	at com.mysql.jdbc.SQLError.createCommunicationsException(SQLError.java:990)
	at com.mysql.jdbc.MysqlIO.<init>(MysqlIO.java:342)
	at com.mysql.jdbc.ConnectionImpl.coreConnect(ConnectionImpl.java:2188)
	at com.mysql.jdbc.ConnectionImpl.connectOneTryOnly(ConnectionImpl.java:2221)
	at com.mysql.jdbc.ConnectionImpl.createNewIO(ConnectionImpl.java:2016)
	at com.mysql.jdbc.ConnectionImpl.<init>(ConnectionImpl.java:776)
	at com.mysql.jdbc.JDBC4Connection.<init>(JDBC4Connection.java:47)
	at sun.reflect.NativeConstructorAccessorImpl.newInstance0(Native Method)
	at sun.reflect.NativeConstructorAccessorImpl.newInstance(NativeConstructorAccessorImpl.java:62)
	at sun.reflect.DelegatingConstructorAccessorImpl.newInstance(DelegatingConstructorAccessorImpl.java:45)
	at java.lang.reflect.Constructor.newInstance(Constructor.java:423)
	at com.mysql.jdbc.Util.handleNewInstance(Util.java:425)
	at com.mysql.jdbc.ConnectionImpl.getInstance(ConnectionImpl.java:386)
	at com.mysql.jdbc.NonRegisteringDriver.connect(NonRegisteringDriver.java:330)
	at com.zaxxer.hikari.util.DriverDataSource.getConnection(DriverDataSource.java:117)
	at com.zaxxer.hikari.util.DriverDataSource.getConnection(DriverDataSource.java:123)
	at com.zaxxer.hikari.pool.PoolBase.newConnection(PoolBase.java:365)
	at com.zaxxer.hikari.pool.PoolBase.newPoolEntry(PoolBase.java:194)
	at com.zaxxer.hikari.pool.HikariPool.createPoolEntry(HikariPool.java:460)
	at com.zaxxer.hikari.pool.HikariPool.checkFailFast(HikariPool.java:534)
	at com.zaxxer.hikari.pool.HikariPool.<init>(HikariPool.java:115)
	at com.zaxxer.hikari.HikariDataSource.getConnection(HikariDataSource.java:112)
	at org.springframework.jdbc.datasource.DataSourceUtils.fetchConnection(DataSourceUtils.java:151)
	at org.springframework.jdbc.datasource.DataSourceUtils.doGetConnection(DataSourceUtils.java:115)
	at org.springframework.jdbc.datasource.DataSourceUtils.getConnection(DataSourceUtils.java:78)
	... 62 common frames omitted
Caused by: java.net.ConnectException: Connection timed out: connect
	at java.net.DualStackPlainSocketImpl.waitForConnect(Native Method)
	at java.net.DualStackPlainSocketImpl.socketConnect(DualStackPlainSocketImpl.java:85)
	at java.net.AbstractPlainSocketImpl.doConnect(AbstractPlainSocketImpl.java:350)
	at java.net.AbstractPlainSocketImpl.connectToAddress(AbstractPlainSocketImpl.java:206)
	at java.net.AbstractPlainSocketImpl.connect(AbstractPlainSocketImpl.java:188)
	at java.net.PlainSocketImpl.connect(PlainSocketImpl.java:172)
	at java.net.SocksSocketImpl.connect(SocksSocketImpl.java:392)
	at java.net.Socket.connect(Socket.java:589)
	at com.mysql.jdbc.StandardSocketFactory.connect(StandardSocketFactory.java:211)
	at com.mysql.jdbc.MysqlIO.<init>(MysqlIO.java:301)
	... 85 common frames omitted
2018-05-14 18:39:25,320-HikariPool-1 - Starting...
2018-05-14 18:39:47,347-Building JPA container EntityManagerFactory for persistence unit 'default'
2018-05-14 18:39:47,356-HHH000204: Processing PersistenceUnitInfo [
	name: default
	...]
2018-05-14 18:39:47,475-HHH000412: Hibernate Core {5.2.16.Final}
2018-05-14 18:39:47,476-HHH000206: hibernate.properties not found
2018-05-14 18:39:47,506-HCANN000001: Hibernate Commons Annotations {5.0.1.Final}
2018-05-14 18:39:47,597-HikariPool-1 - Starting...
2018-05-14 18:40:09,601-HHH000342: Could not obtain connection to query metadata : Communications link failure

The last packet sent successfully to the server was 0 milliseconds ago. The driver has not received any packets from the server.
2018-05-14 18:40:09,603-Exception encountered during context initialization - cancelling refresh attempt: org.springframework.beans.factory.BeanCreationException: Error creating bean with name 'entityManagerFactory' defined in class path resource [org/springframework/boot/autoconfigure/orm/jpa/HibernateJpaConfiguration.class]: Invocation of init method failed; nested exception is org.hibernate.service.spi.ServiceException: Unable to create requested service [org.hibernate.engine.jdbc.env.spi.JdbcEnvironment]
2018-05-14 18:40:09,606-Stopping service [Tomcat]
2018-05-14 18:40:09,619-

Error starting ApplicationContext. To display the conditions report re-run your application with 'debug' enabled.
2018-05-14 18:57:34,483-Starting OrderApplication on DESKTOP-FIRK9G1 with PID 8352 (D:\Workspace\order_system\sell\target\classes started by Patrick in D:\Workspace\order_system\sell)
2018-05-14 18:57:34,488-No active profile set, falling back to default profiles: default
2018-05-14 18:57:34,572-Refreshing org.springframework.boot.web.servlet.context.AnnotationConfigServletWebServerApplicationContext@13c9d689: startup date [Mon May 14 18:57:34 CST 2018]; root of context hierarchy
2018-05-14 18:57:35,430-Bean 'org.springframework.transaction.annotation.ProxyTransactionManagementConfiguration' of type [org.springframework.transaction.annotation.ProxyTransactionManagementConfiguration$$EnhancerBySpringCGLIB$$28c9d412] is not eligible for getting processed by all BeanPostProcessors (for example: not eligible for auto-proxying)
2018-05-14 18:57:35,646-Tomcat initialized with port(s): 8080 (http)
2018-05-14 18:57:35,657-Initializing ProtocolHandler ["http-nio-8080"]
2018-05-14 18:57:35,664-Starting service [Tomcat]
2018-05-14 18:57:35,664-Starting Servlet Engine: Apache Tomcat/8.5.29
2018-05-14 18:57:35,668-The APR based Apache Tomcat Native library which allows optimal performance in production environments was not found on the java.library.path: [C:\Program Files\Java\jdk1.8.0_171\bin;C:\WINDOWS\Sun\Java\bin;C:\WINDOWS\system32;C:\WINDOWS;C:\Program Files (x86)\Common Files\Oracle\Java\javapath;C:\Program Files\NVIDIA GPU Computing Toolkit\CUDA\v8.0\bin;C:\Program Files\NVIDIA GPU Computing Toolkit\CUDA\v8.0\libnvvp;C:\WINDOWS\system32;C:\WINDOWS;C:\WINDOWS\System32\Wbem;C:\WINDOWS\System32\WindowsPowerShell\v1.0\;D:\Development\Python\Python 2.7;D:\Development\Python\Python 2.7\Scripts;D:\Development\Python\Python 3.5;D:\Development\Python\Python 3.5\Scripts;D:\Development\Python\Python 3.6;D:\Development\Python\Python 3.6\Scripts;C:\Program Files\Microsoft SQL Server\110\Tools\Binn\;C:\texlive\2017\bin\win32;D:\Development\OpenCV\3.3.0\build\x64\vc14\bin;C:\Program Files (x86)\NVIDIA Corporation\PhysX\Common;C:\Program Files\Java\jdk1.7.0_80\bin;C:\Program Files\Java\jdk1.7.0_80\jre\bin;C:\MySQL\bin;D:\Development\apache-maven-3.5.3\bin;C:\Program Files\Git\cmd;C:\Program Files\TortoiseGit\bin;C:\Program Files\MySQL\MySQL Utilities 1.6\;C:\Program Files\nodejs\;C:\Users\Patrick\AppData\Local\Microsoft\WindowsApps;C:\Program Files\Microsoft VS Code\bin;C:\Users\Patrick\AppData\Local\GitHubDesktop\bin;C:\Users\Patrick\AppData\Local\Microsoft\WindowsApps;C:\texlive\2017\bin\win32;C:\Users\Patrick\AppData\Roaming\npm;.]
2018-05-14 18:57:35,788-Initializing Spring embedded WebApplicationContext
2018-05-14 18:57:35,788-Root WebApplicationContext: initialization completed in 1216 ms
2018-05-14 18:57:35,909-Servlet dispatcherServlet mapped to [/]
2018-05-14 18:57:35,912-Mapping filter: 'characterEncodingFilter' to: [/*]
2018-05-14 18:57:35,913-Mapping filter: 'hiddenHttpMethodFilter' to: [/*]
2018-05-14 18:57:35,913-Mapping filter: 'httpPutFormContentFilter' to: [/*]
2018-05-14 18:57:35,913-Mapping filter: 'requestContextFilter' to: [/*]
2018-05-14 18:57:36,025-HikariPool-1 - Starting...
2018-05-14 18:57:36,162-HikariPool-1 - Start completed.
2018-05-14 18:57:36,197-Building JPA container EntityManagerFactory for persistence unit 'default'
2018-05-14 18:57:36,273-HHH000204: Processing PersistenceUnitInfo [
	name: default
	...]
2018-05-14 18:57:36,327-HHH000412: Hibernate Core {5.2.16.Final}
2018-05-14 18:57:36,328-HHH000206: hibernate.properties not found
2018-05-14 18:57:36,356-HCANN000001: Hibernate Commons Annotations {5.0.1.Final}
2018-05-14 18:57:36,450-HHH000400: Using dialect: org.hibernate.dialect.MySQL5Dialect
2018-05-14 18:57:36,845-Initialized JPA EntityManagerFactory for persistence unit 'default'
2018-05-14 18:57:37,234-Mapped URL path [/**/favicon.ico] onto handler of type [class org.springframework.web.servlet.resource.ResourceHttpRequestHandler]
2018-05-14 18:57:37,447-Looking for @ControllerAdvice: org.springframework.boot.web.servlet.context.AnnotationConfigServletWebServerApplicationContext@13c9d689: startup date [Mon May 14 18:57:34 CST 2018]; root of context hierarchy
2018-05-14 18:57:37,472-spring.jpa.open-in-view is enabled by default. Therefore, database queries may be performed during view rendering. Explicitly configure spring.jpa.open-in-view to disable this warning
2018-05-14 18:57:37,502-Mapped "{[/buyer/order/create],methods=[POST]}" onto public com.imooc.order.vo.ResultVO<java.util.Map<java.lang.String, java.lang.String>> com.imooc.order.controller.BuyerOrderController.create(com.imooc.order.form.OrderForm,org.springframework.validation.BindingResult)
2018-05-14 18:57:37,503-Mapped "{[/buyer/order/list],methods=[GET]}" onto public com.imooc.order.vo.ResultVO<java.util.List<com.imooc.order.dto.OrderDTO>> com.imooc.order.controller.BuyerOrderController.list(java.lang.String,java.lang.Integer,java.lang.Integer)
2018-05-14 18:57:37,503-Mapped "{[/buyer/order/detail],methods=[GET]}" onto public com.imooc.order.vo.ResultVO<com.imooc.order.dto.OrderDTO> com.imooc.order.controller.BuyerOrderController.detail(java.lang.String,java.lang.String)
2018-05-14 18:57:37,503-Mapped "{[/buyer/order/cancel],methods=[POST]}" onto public com.imooc.order.vo.ResultVO com.imooc.order.controller.BuyerOrderController.cancel(java.lang.String,java.lang.String)
2018-05-14 18:57:37,504-Mapped "{[/buyer/product/list],methods=[GET]}" onto public com.imooc.order.vo.ResultVO com.imooc.order.controller.BuyerProductController.list()
2018-05-14 18:57:37,506-Mapped "{[/error]}" onto public org.springframework.http.ResponseEntity<java.util.Map<java.lang.String, java.lang.Object>> org.springframework.boot.autoconfigure.web.servlet.error.BasicErrorController.error(javax.servlet.http.HttpServletRequest)
2018-05-14 18:57:37,506-Mapped "{[/error],produces=[text/html]}" onto public org.springframework.web.servlet.ModelAndView org.springframework.boot.autoconfigure.web.servlet.error.BasicErrorController.errorHtml(javax.servlet.http.HttpServletRequest,javax.servlet.http.HttpServletResponse)
2018-05-14 18:57:37,528-Mapped URL path [/webjars/**] onto handler of type [class org.springframework.web.servlet.resource.ResourceHttpRequestHandler]
2018-05-14 18:57:37,528-Mapped URL path [/**] onto handler of type [class org.springframework.web.servlet.resource.ResourceHttpRequestHandler]
2018-05-14 18:57:37,749-Registering beans for JMX exposure on startup
2018-05-14 18:57:37,750-Bean with name 'dataSource' has been autodetected for JMX exposure
2018-05-14 18:57:37,755-Located MBean 'dataSource': registering with JMX server as MBean [com.zaxxer.hikari:name=dataSource,type=HikariDataSource]
2018-05-14 18:57:37,766-Starting ProtocolHandler ["http-nio-8080"]
2018-05-14 18:57:37,775-Using a shared selector for servlet write/read
2018-05-14 18:57:37,787-Tomcat started on port(s): 8080 (http) with context path '/sell'
2018-05-14 18:57:37,789-Started OrderApplication in 3.76 seconds (JVM running for 4.477)
2018-05-14 18:58:18,593-Initializing Spring FrameworkServlet 'dispatcherServlet'
2018-05-14 18:58:18,593-FrameworkServlet 'dispatcherServlet': initialization started
2018-05-14 18:58:18,612-FrameworkServlet 'dispatcherServlet': initialization completed in 19 ms
2018-05-14 18:58:18,650-HHH000397: Using ASTQueryTranslatorFactory
2018-05-14 19:08:12,814-Starting OrderApplication on DESKTOP-FIRK9G1 with PID 16332 (D:\Workspace\order_system\sell\target\classes started by Patrick in D:\Workspace\order_system\sell)
2018-05-14 19:08:12,818-No active profile set, falling back to default profiles: default
2018-05-14 19:08:12,854-Refreshing org.springframework.boot.web.servlet.context.AnnotationConfigServletWebServerApplicationContext@75d4a5c2: startup date [Mon May 14 19:08:12 CST 2018]; root of context hierarchy
2018-05-14 19:08:13,651-Bean 'org.springframework.transaction.annotation.ProxyTransactionManagementConfiguration' of type [org.springframework.transaction.annotation.ProxyTransactionManagementConfiguration$$EnhancerBySpringCGLIB$$af3bdf85] is not eligible for getting processed by all BeanPostProcessors (for example: not eligible for auto-proxying)
2018-05-14 19:08:13,885-Tomcat initialized with port(s): 8080 (http)
2018-05-14 19:08:13,897-Initializing ProtocolHandler ["http-nio-8080"]
2018-05-14 19:08:13,904-Starting service [Tomcat]
2018-05-14 19:08:13,904-Starting Servlet Engine: Apache Tomcat/8.5.29
2018-05-14 19:08:13,908-The APR based Apache Tomcat Native library which allows optimal performance in production environments was not found on the java.library.path: [C:\Program Files\Java\jdk1.8.0_171\bin;C:\WINDOWS\Sun\Java\bin;C:\WINDOWS\system32;C:\WINDOWS;C:\Program Files (x86)\Common Files\Oracle\Java\javapath;C:\Program Files\NVIDIA GPU Computing Toolkit\CUDA\v8.0\bin;C:\Program Files\NVIDIA GPU Computing Toolkit\CUDA\v8.0\libnvvp;C:\WINDOWS\system32;C:\WINDOWS;C:\WINDOWS\System32\Wbem;C:\WINDOWS\System32\WindowsPowerShell\v1.0\;D:\Development\Python\Python 2.7;D:\Development\Python\Python 2.7\Scripts;D:\Development\Python\Python 3.5;D:\Development\Python\Python 3.5\Scripts;D:\Development\Python\Python 3.6;D:\Development\Python\Python 3.6\Scripts;C:\Program Files\Microsoft SQL Server\110\Tools\Binn\;C:\texlive\2017\bin\win32;D:\Development\OpenCV\3.3.0\build\x64\vc14\bin;C:\Program Files (x86)\NVIDIA Corporation\PhysX\Common;C:\Program Files\Java\jdk1.7.0_80\bin;C:\Program Files\Java\jdk1.7.0_80\jre\bin;C:\MySQL\bin;D:\Development\apache-maven-3.5.3\bin;C:\Program Files\Git\cmd;C:\Program Files\TortoiseGit\bin;C:\Program Files\MySQL\MySQL Utilities 1.6\;C:\Program Files\nodejs\;C:\Users\Patrick\AppData\Local\Microsoft\WindowsApps;C:\Program Files\Microsoft VS Code\bin;C:\Users\Patrick\AppData\Local\GitHubDesktop\bin;C:\Users\Patrick\AppData\Local\Microsoft\WindowsApps;C:\texlive\2017\bin\win32;C:\Users\Patrick\AppData\Roaming\npm;.]
2018-05-14 19:08:14,024-Initializing Spring embedded WebApplicationContext
2018-05-14 19:08:14,024-Root WebApplicationContext: initialization completed in 1170 ms
2018-05-14 19:08:14,155-Servlet dispatcherServlet mapped to [/]
2018-05-14 19:08:14,159-Mapping filter: 'characterEncodingFilter' to: [/*]
2018-05-14 19:08:14,159-Mapping filter: 'hiddenHttpMethodFilter' to: [/*]
2018-05-14 19:08:14,159-Mapping filter: 'httpPutFormContentFilter' to: [/*]
2018-05-14 19:08:14,159-Mapping filter: 'requestContextFilter' to: [/*]
2018-05-14 19:08:14,260-HikariPool-1 - Starting...
2018-05-14 19:08:14,398-HikariPool-1 - Start completed.
2018-05-14 19:08:14,431-Building JPA container EntityManagerFactory for persistence unit 'default'
2018-05-14 19:08:14,510-HHH000204: Processing PersistenceUnitInfo [
	name: default
	...]
2018-05-14 19:08:14,559-HHH000412: Hibernate Core {5.2.16.Final}
2018-05-14 19:08:14,560-HHH000206: hibernate.properties not found
2018-05-14 19:08:14,589-HCANN000001: Hibernate Commons Annotations {5.0.1.Final}
2018-05-14 19:08:14,681-HHH000400: Using dialect: org.hibernate.dialect.MySQL5Dialect
2018-05-14 19:08:15,012-Initialized JPA EntityManagerFactory for persistence unit 'default'
2018-05-14 19:08:15,362-Mapped URL path [/**/favicon.ico] onto handler of type [class org.springframework.web.servlet.resource.ResourceHttpRequestHandler]
2018-05-14 19:08:15,622-Looking for @ControllerAdvice: org.springframework.boot.web.servlet.context.AnnotationConfigServletWebServerApplicationContext@75d4a5c2: startup date [Mon May 14 19:08:12 CST 2018]; root of context hierarchy
2018-05-14 19:08:15,645-spring.jpa.open-in-view is enabled by default. Therefore, database queries may be performed during view rendering. Explicitly configure spring.jpa.open-in-view to disable this warning
2018-05-14 19:08:15,672-Mapped "{[/buyer/order/create],methods=[POST]}" onto public com.imooc.order.vo.ResultVO<java.util.Map<java.lang.String, java.lang.String>> com.imooc.order.controller.BuyerOrderController.create(com.imooc.order.form.OrderForm,org.springframework.validation.BindingResult)
2018-05-14 19:08:15,673-Mapped "{[/buyer/order/list],methods=[GET]}" onto public com.imooc.order.vo.ResultVO<java.util.List<com.imooc.order.dto.OrderDTO>> com.imooc.order.controller.BuyerOrderController.list(java.lang.String,java.lang.Integer,java.lang.Integer)
2018-05-14 19:08:15,673-Mapped "{[/buyer/order/detail],methods=[GET]}" onto public com.imooc.order.vo.ResultVO<com.imooc.order.dto.OrderDTO> com.imooc.order.controller.BuyerOrderController.detail(java.lang.String,java.lang.String)
2018-05-14 19:08:15,673-Mapped "{[/buyer/order/cancel],methods=[POST]}" onto public com.imooc.order.vo.ResultVO com.imooc.order.controller.BuyerOrderController.cancel(java.lang.String,java.lang.String)
2018-05-14 19:08:15,674-Mapped "{[/buyer/product/list],methods=[GET]}" onto public com.imooc.order.vo.ResultVO com.imooc.order.controller.BuyerProductController.list()
2018-05-14 19:08:15,674-Mapped "{[/wechat/auth],methods=[GET]}" onto public void com.imooc.order.controller.WechatController.auth()
2018-05-14 19:08:15,676-Mapped "{[/error]}" onto public org.springframework.http.ResponseEntity<java.util.Map<java.lang.String, java.lang.Object>> org.springframework.boot.autoconfigure.web.servlet.error.BasicErrorController.error(javax.servlet.http.HttpServletRequest)
2018-05-14 19:08:15,677-Mapped "{[/error],produces=[text/html]}" onto public org.springframework.web.servlet.ModelAndView org.springframework.boot.autoconfigure.web.servlet.error.BasicErrorController.errorHtml(javax.servlet.http.HttpServletRequest,javax.servlet.http.HttpServletResponse)
2018-05-14 19:08:15,696-Mapped URL path [/webjars/**] onto handler of type [class org.springframework.web.servlet.resource.ResourceHttpRequestHandler]
2018-05-14 19:08:15,696-Mapped URL path [/**] onto handler of type [class org.springframework.web.servlet.resource.ResourceHttpRequestHandler]
2018-05-14 19:08:15,901-Registering beans for JMX exposure on startup
2018-05-14 19:08:15,902-Bean with name 'dataSource' has been autodetected for JMX exposure
2018-05-14 19:08:15,908-Located MBean 'dataSource': registering with JMX server as MBean [com.zaxxer.hikari:name=dataSource,type=HikariDataSource]
2018-05-14 19:08:15,917-Starting ProtocolHandler ["http-nio-8080"]
2018-05-14 19:08:15,928-Using a shared selector for servlet write/read
2018-05-14 19:08:15,940-Tomcat started on port(s): 8080 (http) with context path '/sell'
2018-05-14 19:08:15,942-Started OrderApplication in 3.551 seconds (JVM running for 4.221)
2018-05-14 19:08:51,786-Initializing Spring FrameworkServlet 'dispatcherServlet'
2018-05-14 19:08:51,786-FrameworkServlet 'dispatcherServlet': initialization started
2018-05-14 19:08:51,804-FrameworkServlet 'dispatcherServlet': initialization completed in 18 ms
2018-05-14 19:08:51,819-进入 auth 方法
2018-05-14 19:10:14,668-Starting OrderApplication on DESKTOP-FIRK9G1 with PID 13212 (D:\Workspace\order_system\sell\target\classes started by Patrick in D:\Workspace\order_system\sell)
2018-05-14 19:10:14,672-No active profile set, falling back to default profiles: default
2018-05-14 19:10:14,711-Refreshing org.springframework.boot.web.servlet.context.AnnotationConfigServletWebServerApplicationContext@75d4a5c2: startup date [Mon May 14 19:10:14 CST 2018]; root of context hierarchy
2018-05-14 19:10:15,481-Bean 'org.springframework.transaction.annotation.ProxyTransactionManagementConfiguration' of type [org.springframework.transaction.annotation.ProxyTransactionManagementConfiguration$$EnhancerBySpringCGLIB$$e8103aaf] is not eligible for getting processed by all BeanPostProcessors (for example: not eligible for auto-proxying)
2018-05-14 19:10:15,700-Tomcat initialized with port(s): 8080 (http)
2018-05-14 19:10:15,710-Initializing ProtocolHandler ["http-nio-8080"]
2018-05-14 19:10:15,717-Starting service [Tomcat]
2018-05-14 19:10:15,717-Starting Servlet Engine: Apache Tomcat/8.5.29
2018-05-14 19:10:15,720-The APR based Apache Tomcat Native library which allows optimal performance in production environments was not found on the java.library.path: [C:\Program Files\Java\jdk1.8.0_171\bin;C:\WINDOWS\Sun\Java\bin;C:\WINDOWS\system32;C:\WINDOWS;C:\Program Files (x86)\Common Files\Oracle\Java\javapath;C:\Program Files\NVIDIA GPU Computing Toolkit\CUDA\v8.0\bin;C:\Program Files\NVIDIA GPU Computing Toolkit\CUDA\v8.0\libnvvp;C:\WINDOWS\system32;C:\WINDOWS;C:\WINDOWS\System32\Wbem;C:\WINDOWS\System32\WindowsPowerShell\v1.0\;D:\Development\Python\Python 2.7;D:\Development\Python\Python 2.7\Scripts;D:\Development\Python\Python 3.5;D:\Development\Python\Python 3.5\Scripts;D:\Development\Python\Python 3.6;D:\Development\Python\Python 3.6\Scripts;C:\Program Files\Microsoft SQL Server\110\Tools\Binn\;C:\texlive\2017\bin\win32;D:\Development\OpenCV\3.3.0\build\x64\vc14\bin;C:\Program Files (x86)\NVIDIA Corporation\PhysX\Common;C:\Program Files\Java\jdk1.7.0_80\bin;C:\Program Files\Java\jdk1.7.0_80\jre\bin;C:\MySQL\bin;D:\Development\apache-maven-3.5.3\bin;C:\Program Files\Git\cmd;C:\Program Files\TortoiseGit\bin;C:\Program Files\MySQL\MySQL Utilities 1.6\;C:\Program Files\nodejs\;C:\Users\Patrick\AppData\Local\Microsoft\WindowsApps;C:\Program Files\Microsoft VS Code\bin;C:\Users\Patrick\AppData\Local\GitHubDesktop\bin;C:\Users\Patrick\AppData\Local\Microsoft\WindowsApps;C:\texlive\2017\bin\win32;C:\Users\Patrick\AppData\Roaming\npm;.]
2018-05-14 19:10:15,829-Initializing Spring embedded WebApplicationContext
2018-05-14 19:10:15,830-Root WebApplicationContext: initialization completed in 1119 ms
2018-05-14 19:10:15,953-Servlet dispatcherServlet mapped to [/]
2018-05-14 19:10:15,958-Mapping filter: 'characterEncodingFilter' to: [/*]
2018-05-14 19:10:15,958-Mapping filter: 'hiddenHttpMethodFilter' to: [/*]
2018-05-14 19:10:15,958-Mapping filter: 'httpPutFormContentFilter' to: [/*]
2018-05-14 19:10:15,958-Mapping filter: 'requestContextFilter' to: [/*]
2018-05-14 19:10:16,056-HikariPool-1 - Starting...
2018-05-14 19:10:16,186-HikariPool-1 - Start completed.
2018-05-14 19:10:16,220-Building JPA container EntityManagerFactory for persistence unit 'default'
2018-05-14 19:10:16,295-HHH000204: Processing PersistenceUnitInfo [
	name: default
	...]
2018-05-14 19:10:16,345-HHH000412: Hibernate Core {5.2.16.Final}
2018-05-14 19:10:16,347-HHH000206: hibernate.properties not found
2018-05-14 19:10:16,374-HCANN000001: Hibernate Commons Annotations {5.0.1.Final}
2018-05-14 19:10:16,464-HHH000400: Using dialect: org.hibernate.dialect.MySQL5Dialect
2018-05-14 19:10:16,820-Initialized JPA EntityManagerFactory for persistence unit 'default'
2018-05-14 19:10:17,158-Mapped URL path [/**/favicon.ico] onto handler of type [class org.springframework.web.servlet.resource.ResourceHttpRequestHandler]
2018-05-14 19:10:17,349-Looking for @ControllerAdvice: org.springframework.boot.web.servlet.context.AnnotationConfigServletWebServerApplicationContext@75d4a5c2: startup date [Mon May 14 19:10:14 CST 2018]; root of context hierarchy
2018-05-14 19:10:17,370-spring.jpa.open-in-view is enabled by default. Therefore, database queries may be performed during view rendering. Explicitly configure spring.jpa.open-in-view to disable this warning
2018-05-14 19:10:17,396-Mapped "{[/buyer/order/create],methods=[POST]}" onto public com.imooc.order.vo.ResultVO<java.util.Map<java.lang.String, java.lang.String>> com.imooc.order.controller.BuyerOrderController.create(com.imooc.order.form.OrderForm,org.springframework.validation.BindingResult)
2018-05-14 19:10:17,397-Mapped "{[/buyer/order/list],methods=[GET]}" onto public com.imooc.order.vo.ResultVO<java.util.List<com.imooc.order.dto.OrderDTO>> com.imooc.order.controller.BuyerOrderController.list(java.lang.String,java.lang.Integer,java.lang.Integer)
2018-05-14 19:10:17,397-Mapped "{[/buyer/order/cancel],methods=[POST]}" onto public com.imooc.order.vo.ResultVO com.imooc.order.controller.BuyerOrderController.cancel(java.lang.String,java.lang.String)
2018-05-14 19:10:17,398-Mapped "{[/buyer/order/detail],methods=[GET]}" onto public com.imooc.order.vo.ResultVO<com.imooc.order.dto.OrderDTO> com.imooc.order.controller.BuyerOrderController.detail(java.lang.String,java.lang.String)
2018-05-14 19:10:17,398-Mapped "{[/buyer/product/list],methods=[GET]}" onto public com.imooc.order.vo.ResultVO com.imooc.order.controller.BuyerProductController.list()
2018-05-14 19:10:17,399-Mapped "{[/wechat/auth],methods=[GET]}" onto public void com.imooc.order.controller.WechatController.auth(java.lang.String)
2018-05-14 19:10:17,400-Mapped "{[/error]}" onto public org.springframework.http.ResponseEntity<java.util.Map<java.lang.String, java.lang.Object>> org.springframework.boot.autoconfigure.web.servlet.error.BasicErrorController.error(javax.servlet.http.HttpServletRequest)
2018-05-14 19:10:17,401-Mapped "{[/error],produces=[text/html]}" onto public org.springframework.web.servlet.ModelAndView org.springframework.boot.autoconfigure.web.servlet.error.BasicErrorController.errorHtml(javax.servlet.http.HttpServletRequest,javax.servlet.http.HttpServletResponse)
2018-05-14 19:10:17,421-Mapped URL path [/webjars/**] onto handler of type [class org.springframework.web.servlet.resource.ResourceHttpRequestHandler]
2018-05-14 19:10:17,421-Mapped URL path [/**] onto handler of type [class org.springframework.web.servlet.resource.ResourceHttpRequestHandler]
2018-05-14 19:10:17,631-Registering beans for JMX exposure on startup
2018-05-14 19:10:17,632-Bean with name 'dataSource' has been autodetected for JMX exposure
2018-05-14 19:10:17,635-Located MBean 'dataSource': registering with JMX server as MBean [com.zaxxer.hikari:name=dataSource,type=HikariDataSource]
2018-05-14 19:10:17,645-Starting ProtocolHandler ["http-nio-8080"]
2018-05-14 19:10:17,655-Using a shared selector for servlet write/read
2018-05-14 19:10:17,667-Tomcat started on port(s): 8080 (http) with context path '/sell'
2018-05-14 19:10:17,669-Started OrderApplication in 3.402 seconds (JVM running for 4.073)
2018-05-14 19:11:23,847-Initializing Spring FrameworkServlet 'dispatcherServlet'
2018-05-14 19:11:23,847-FrameworkServlet 'dispatcherServlet': initialization started
2018-05-14 19:11:23,866-FrameworkServlet 'dispatcherServlet': initialization completed in 19 ms
2018-05-14 19:15:04,861-HHH000397: Using ASTQueryTranslatorFactory
2018-05-14 19:18:58,466-Starting OrderApplication on DESKTOP-FIRK9G1 with PID 3820 (D:\Workspace\order_system\sell\target\classes started by Patrick in D:\Workspace\order_system\sell)
2018-05-14 19:18:58,469-No active profile set, falling back to default profiles: default
2018-05-14 19:18:58,549-Refreshing org.springframework.boot.web.servlet.context.AnnotationConfigServletWebServerApplicationContext@175c2241: startup date [Mon May 14 19:18:58 CST 2018]; root of context hierarchy
2018-05-14 19:18:59,303-Bean 'org.springframework.transaction.annotation.ProxyTransactionManagementConfiguration' of type [org.springframework.transaction.annotation.ProxyTransactionManagementConfiguration$$EnhancerBySpringCGLIB$$58a813e2] is not eligible for getting processed by all BeanPostProcessors (for example: not eligible for auto-proxying)
2018-05-14 19:18:59,548-Tomcat initialized with port(s): 8080 (http)
2018-05-14 19:18:59,559-Initializing ProtocolHandler ["http-nio-8080"]
2018-05-14 19:18:59,567-Starting service [Tomcat]
2018-05-14 19:18:59,567-Starting Servlet Engine: Apache Tomcat/8.5.29
2018-05-14 19:18:59,570-The APR based Apache Tomcat Native library which allows optimal performance in production environments was not found on the java.library.path: [C:\Program Files\Java\jdk1.8.0_171\bin;C:\WINDOWS\Sun\Java\bin;C:\WINDOWS\system32;C:\WINDOWS;C:\Program Files (x86)\Common Files\Oracle\Java\javapath;C:\Program Files\NVIDIA GPU Computing Toolkit\CUDA\v8.0\bin;C:\Program Files\NVIDIA GPU Computing Toolkit\CUDA\v8.0\libnvvp;C:\WINDOWS\system32;C:\WINDOWS;C:\WINDOWS\System32\Wbem;C:\WINDOWS\System32\WindowsPowerShell\v1.0\;D:\Development\Python\Python 2.7;D:\Development\Python\Python 2.7\Scripts;D:\Development\Python\Python 3.5;D:\Development\Python\Python 3.5\Scripts;D:\Development\Python\Python 3.6;D:\Development\Python\Python 3.6\Scripts;C:\Program Files\Microsoft SQL Server\110\Tools\Binn\;C:\texlive\2017\bin\win32;D:\Development\OpenCV\3.3.0\build\x64\vc14\bin;C:\Program Files (x86)\NVIDIA Corporation\PhysX\Common;C:\Program Files\Java\jdk1.7.0_80\bin;C:\Program Files\Java\jdk1.7.0_80\jre\bin;C:\MySQL\bin;D:\Development\apache-maven-3.5.3\bin;C:\Program Files\Git\cmd;C:\Program Files\TortoiseGit\bin;C:\Program Files\MySQL\MySQL Utilities 1.6\;C:\Program Files\nodejs\;C:\Users\Patrick\AppData\Local\Microsoft\WindowsApps;C:\Program Files\Microsoft VS Code\bin;C:\Users\Patrick\AppData\Local\GitHubDesktop\bin;C:\Users\Patrick\AppData\Local\Microsoft\WindowsApps;C:\texlive\2017\bin\win32;C:\Users\Patrick\AppData\Roaming\npm;.]
2018-05-14 19:18:59,682-Initializing Spring embedded WebApplicationContext
2018-05-14 19:18:59,683-Root WebApplicationContext: initialization completed in 1135 ms
2018-05-14 19:18:59,806-Servlet dispatcherServlet mapped to [/]
2018-05-14 19:18:59,810-Mapping filter: 'characterEncodingFilter' to: [/*]
2018-05-14 19:18:59,810-Mapping filter: 'hiddenHttpMethodFilter' to: [/*]
2018-05-14 19:18:59,810-Mapping filter: 'httpPutFormContentFilter' to: [/*]
2018-05-14 19:18:59,810-Mapping filter: 'requestContextFilter' to: [/*]
2018-05-14 19:18:59,916-HikariPool-1 - Starting...
2018-05-14 19:19:00,062-HikariPool-1 - Start completed.
2018-05-14 19:19:00,098-Building JPA container EntityManagerFactory for persistence unit 'default'
2018-05-14 19:19:00,179-HHH000204: Processing PersistenceUnitInfo [
	name: default
	...]
2018-05-14 19:19:00,231-HHH000412: Hibernate Core {5.2.16.Final}
2018-05-14 19:19:00,232-HHH000206: hibernate.properties not found
2018-05-14 19:19:00,262-HCANN000001: Hibernate Commons Annotations {5.0.1.Final}
2018-05-14 19:19:00,356-HHH000400: Using dialect: org.hibernate.dialect.MySQL5Dialect
2018-05-14 19:19:00,708-Initialized JPA EntityManagerFactory for persistence unit 'default'
2018-05-14 19:19:01,068-Mapped URL path [/**/favicon.ico] onto handler of type [class org.springframework.web.servlet.resource.ResourceHttpRequestHandler]
2018-05-14 19:19:01,287-Looking for @ControllerAdvice: org.springframework.boot.web.servlet.context.AnnotationConfigServletWebServerApplicationContext@175c2241: startup date [Mon May 14 19:18:58 CST 2018]; root of context hierarchy
2018-05-14 19:19:01,309-spring.jpa.open-in-view is enabled by default. Therefore, database queries may be performed during view rendering. Explicitly configure spring.jpa.open-in-view to disable this warning
2018-05-14 19:19:01,334-Mapped "{[/buyer/order/create],methods=[POST]}" onto public com.imooc.order.vo.ResultVO<java.util.Map<java.lang.String, java.lang.String>> com.imooc.order.controller.BuyerOrderController.create(com.imooc.order.form.OrderForm,org.springframework.validation.BindingResult)
2018-05-14 19:19:01,335-Mapped "{[/buyer/order/list],methods=[GET]}" onto public com.imooc.order.vo.ResultVO<java.util.List<com.imooc.order.dto.OrderDTO>> com.imooc.order.controller.BuyerOrderController.list(java.lang.String,java.lang.Integer,java.lang.Integer)
2018-05-14 19:19:01,335-Mapped "{[/buyer/order/detail],methods=[GET]}" onto public com.imooc.order.vo.ResultVO<com.imooc.order.dto.OrderDTO> com.imooc.order.controller.BuyerOrderController.detail(java.lang.String,java.lang.String)
2018-05-14 19:19:01,335-Mapped "{[/buyer/order/cancel],methods=[POST]}" onto public com.imooc.order.vo.ResultVO com.imooc.order.controller.BuyerOrderController.cancel(java.lang.String,java.lang.String)
2018-05-14 19:19:01,336-Mapped "{[/buyer/product/list],methods=[GET]}" onto public com.imooc.order.vo.ResultVO com.imooc.order.controller.BuyerProductController.list()
2018-05-14 19:19:01,336-Mapped "{[/wechat/auth],methods=[GET]}" onto public void com.imooc.order.controller.WechatController.auth(java.lang.String)
2018-05-14 19:19:01,338-Mapped "{[/error]}" onto public org.springframework.http.ResponseEntity<java.util.Map<java.lang.String, java.lang.Object>> org.springframework.boot.autoconfigure.web.servlet.error.BasicErrorController.error(javax.servlet.http.HttpServletRequest)
2018-05-14 19:19:01,338-Mapped "{[/error],produces=[text/html]}" onto public org.springframework.web.servlet.ModelAndView org.springframework.boot.autoconfigure.web.servlet.error.BasicErrorController.errorHtml(javax.servlet.http.HttpServletRequest,javax.servlet.http.HttpServletResponse)
2018-05-14 19:19:01,358-Mapped URL path [/webjars/**] onto handler of type [class org.springframework.web.servlet.resource.ResourceHttpRequestHandler]
2018-05-14 19:19:01,358-Mapped URL path [/**] onto handler of type [class org.springframework.web.servlet.resource.ResourceHttpRequestHandler]
2018-05-14 19:19:01,574-Registering beans for JMX exposure on startup
2018-05-14 19:19:01,575-Bean with name 'dataSource' has been autodetected for JMX exposure
2018-05-14 19:19:01,580-Located MBean 'dataSource': registering with JMX server as MBean [com.zaxxer.hikari:name=dataSource,type=HikariDataSource]
2018-05-14 19:19:01,588-Starting ProtocolHandler ["http-nio-8080"]
2018-05-14 19:19:01,600-Using a shared selector for servlet write/read
2018-05-14 19:19:01,613-Tomcat started on port(s): 8080 (http) with context path '/sell'
2018-05-14 19:19:01,616-Started OrderApplication in 3.575 seconds (JVM running for 4.29)
2018-05-14 19:19:13,994-Initializing Spring FrameworkServlet 'dispatcherServlet'
2018-05-14 19:19:13,995-FrameworkServlet 'dispatcherServlet': initialization started
2018-05-14 19:19:14,012-FrameworkServlet 'dispatcherServlet': initialization completed in 17 ms
2018-05-14 19:19:14,034-进入 auth 方法
2018-05-14 19:19:14,034-code = null
2018-05-14 19:19:19,567-进入 auth 方法
2018-05-14 19:19:19,568-code = null
2018-05-14 19:19:24,658-进入 auth 方法
2018-05-14 19:19:24,658-code = null
2018-05-14 19:19:33,889-进入 auth 方法
2018-05-14 19:19:33,889-code = null
2018-05-14 19:19:38,214-进入 auth 方法
2018-05-14 19:19:38,214-code = null
2018-05-14 19:30:15,854-进入 auth 方法
2018-05-14 19:30:15,854-code = null
2018-05-14 19:50:40,272-HHH000397: Using ASTQueryTranslatorFactory
2018-05-14 19:51:16,248-进入 auth 方法
2018-05-14 19:51:16,248-code = null
2018-05-14 21:57:00,002-HikariPool-1 - Thread starvation or clock leap detected (housekeeper delta=1h23m59s709ms505µs261ns).
